{"uuid":"f78b2576-df4f-408c-8396-9e39f4315c47","historyId":"4e2b4deba7d3a2b8e2bda0a53b21cbfd","fullName":"io.cucumber.testng.AbstractTestNGCucumberTests.runScenario","labels":[{"name":"package","value":"runner.TestRunner"},{"name":"testClass","value":"runner.TestRunner"},{"name":"testMethod","value":"runScenario"},{"name":"parentSuite","value":"Default Suite"},{"name":"suite","value":"EcommercePlaywright"},{"name":"subSuite","value":"runner.TestRunner"},{"name":"host","value":"Cris"},{"name":"thread","value":"14112@Cris.main(1)"},{"name":"framework","value":"testng"},{"name":"language","value":"java"}],"links":[],"name":"Runs Cucumber Scenarios","status":"broken","statusDetails":{"known":false,"muted":false,"flaky":false,"message":"Error {\n  message='Error: strict mode violation: locator(\"//h1\") resolved to 3 elements:\n    1) <h1>…</h1> aka getByRole(AriaRole.HEADING, new Page.GetByRoleOptions().setName(\"AutomationExercise\"))\n    2) <h1>…</h1> aka getByText(\"AutomationExercise\").nth(1)\n    3) <h1>…</h1> aka getByText(\"AutomationExercise\").nth(2)\n\n  name='Error\n  stack='Error: Error: strict mode violation: locator(\"//h1\") resolved to 3 elements:\n    1) <h1>…</h1> aka getByRole(AriaRole.HEADING, new Page.GetByRoleOptions().setName(\"AutomationExercise\"))\n    2) <h1>…</h1> aka getByText(\"AutomationExercise\").nth(1)\n    3) <h1>…</h1> aka getByText(\"AutomationExercise\").nth(2)\n\n    at CRExecutionContext.evaluateWithArguments (C:\\Users\\USER\\AppData\\Local\\Temp\\playwright-java-4425181825651915472\\package\\lib\\server\\chromium\\crExecutionContext.js:82:33)\n    at async LongStandingScope._race (C:\\Users\\USER\\AppData\\Local\\Temp\\playwright-java-4425181825651915472\\package\\lib\\utils\\isomorphic\\manualPromise.js:94:14)\n    at async evaluateExpression (C:\\Users\\USER\\AppData\\Local\\Temp\\playwright-java-4425181825651915472\\package\\lib\\server\\javascript.js:228:12)\n    at async Frame._expectInternal (C:\\Users\\USER\\AppData\\Local\\Temp\\playwright-java-4425181825651915472\\package\\lib\\server\\frames.js:1345:9)\n    at async C:\\Users\\USER\\AppData\\Local\\Temp\\playwright-java-4425181825651915472\\package\\lib\\server\\frames.js:1272:18\n    at async ProgressController.run (C:\\Users\\USER\\AppData\\Local\\Temp\\playwright-java-4425181825651915472\\package\\lib\\server\\progress.js:79:22)\n    at async Frame._expectImpl (C:\\Users\\USER\\AppData\\Local\\Temp\\playwright-java-4425181825651915472\\package\\lib\\server\\frames.js:1271:31)\n    at async Frame.expect (C:\\Users\\USER\\AppData\\Local\\Temp\\playwright-java-4425181825651915472\\package\\lib\\server\\frames.js:1242:20)\n    at async FrameDispatcher.expect (C:\\Users\\USER\\AppData\\Local\\Temp\\playwright-java-4425181825651915472\\package\\lib\\server\\dispatchers\\frameDispatcher.js:279:20)\n    at async LongStandingScope._race (C:\\Users\\USER\\AppData\\Local\\Temp\\playwright-java-4425181825651915472\\package\\lib\\utils\\isomorphic\\manualPromise.js:94:14)\n}\nCall log:\n-   - Locator.expect with timeout 5000ms\n-   - waiting for locator(\"//h1\")\n","trace":"com.microsoft.playwright.PlaywrightException: Error {\n  message='Error: strict mode violation: locator(\"//h1\") resolved to 3 elements:\n    1) <h1>…</h1> aka getByRole(AriaRole.HEADING, new Page.GetByRoleOptions().setName(\"AutomationExercise\"))\n    2) <h1>…</h1> aka getByText(\"AutomationExercise\").nth(1)\n    3) <h1>…</h1> aka getByText(\"AutomationExercise\").nth(2)\n\n  name='Error\n  stack='Error: Error: strict mode violation: locator(\"//h1\") resolved to 3 elements:\n    1) <h1>…</h1> aka getByRole(AriaRole.HEADING, new Page.GetByRoleOptions().setName(\"AutomationExercise\"))\n    2) <h1>…</h1> aka getByText(\"AutomationExercise\").nth(1)\n    3) <h1>…</h1> aka getByText(\"AutomationExercise\").nth(2)\n\n    at CRExecutionContext.evaluateWithArguments (C:\\Users\\USER\\AppData\\Local\\Temp\\playwright-java-4425181825651915472\\package\\lib\\server\\chromium\\crExecutionContext.js:82:33)\n    at async LongStandingScope._race (C:\\Users\\USER\\AppData\\Local\\Temp\\playwright-java-4425181825651915472\\package\\lib\\utils\\isomorphic\\manualPromise.js:94:14)\n    at async evaluateExpression (C:\\Users\\USER\\AppData\\Local\\Temp\\playwright-java-4425181825651915472\\package\\lib\\server\\javascript.js:228:12)\n    at async Frame._expectInternal (C:\\Users\\USER\\AppData\\Local\\Temp\\playwright-java-4425181825651915472\\package\\lib\\server\\frames.js:1345:9)\n    at async C:\\Users\\USER\\AppData\\Local\\Temp\\playwright-java-4425181825651915472\\package\\lib\\server\\frames.js:1272:18\n    at async ProgressController.run (C:\\Users\\USER\\AppData\\Local\\Temp\\playwright-java-4425181825651915472\\package\\lib\\server\\progress.js:79:22)\n    at async Frame._expectImpl (C:\\Users\\USER\\AppData\\Local\\Temp\\playwright-java-4425181825651915472\\package\\lib\\server\\frames.js:1271:31)\n    at async Frame.expect (C:\\Users\\USER\\AppData\\Local\\Temp\\playwright-java-4425181825651915472\\package\\lib\\server\\frames.js:1242:20)\n    at async FrameDispatcher.expect (C:\\Users\\USER\\AppData\\Local\\Temp\\playwright-java-4425181825651915472\\package\\lib\\server\\dispatchers\\frameDispatcher.js:279:20)\n    at async LongStandingScope._race (C:\\Users\\USER\\AppData\\Local\\Temp\\playwright-java-4425181825651915472\\package\\lib\\utils\\isomorphic\\manualPromise.js:94:14)\n}\nCall log:\n-   - Locator.expect with timeout 5000ms\n-   - waiting for locator(\"//h1\")\n\r\n\tat com.microsoft.playwright.impl.WaitableResult.get(WaitableResult.java:56)\r\n\tat com.microsoft.playwright.impl.ChannelOwner.runUntil(ChannelOwner.java:132)\r\n\tat com.microsoft.playwright.impl.Connection.sendMessage(Connection.java:130)\r\n\tat com.microsoft.playwright.impl.ChannelOwner.sendMessage(ChannelOwner.java:118)\r\n\tat com.microsoft.playwright.impl.LocatorImpl.expectImpl(LocatorImpl.java:671)\r\n\tat com.microsoft.playwright.impl.LocatorImpl.lambda$expect$9(LocatorImpl.java:657)\r\n\tat com.microsoft.playwright.impl.LoggingSupport.withLogging(LoggingSupport.java:47)\r\n\tat com.microsoft.playwright.impl.ChannelOwner.withLogging(ChannelOwner.java:97)\r\n\tat com.microsoft.playwright.impl.LocatorImpl.expect(LocatorImpl.java:657)\r\n\tat com.microsoft.playwright.impl.AssertionsBase.expectImpl(AssertionsBase.java:61)\r\n\tat com.microsoft.playwright.impl.AssertionsBase.expectImpl(AssertionsBase.java:50)\r\n\tat com.microsoft.playwright.impl.LocatorAssertionsImpl.expectTrue(LocatorAssertionsImpl.java:445)\r\n\tat com.microsoft.playwright.impl.LocatorAssertionsImpl.isVisible(LocatorAssertionsImpl.java:440)\r\n\tat com.microsoft.playwright.assertions.LocatorAssertions.isVisible(LocatorAssertions.java:830)\r\n\tat pages.HomePage.title_page_home(HomePage.java:26)\r\n\tat stepDefinitions.StepDefinitionRegisterUser.the_user_selects_the_option_to_create_a(StepDefinitionRegisterUser.java:25)\r\n\tat ✽.the user selects the option to create a \"new account\"(file:///C:/Users/USER/IdeaProjects/EcommercePlaywright/src/test/java/features/registerUser.feature:5)\r\nCaused by: com.microsoft.playwright.impl.DriverException: Error {\n  message='Error: strict mode violation: locator(\"//h1\") resolved to 3 elements:\n    1) <h1>…</h1> aka getByRole(AriaRole.HEADING, new Page.GetByRoleOptions().setName(\"AutomationExercise\"))\n    2) <h1>…</h1> aka getByText(\"AutomationExercise\").nth(1)\n    3) <h1>…</h1> aka getByText(\"AutomationExercise\").nth(2)\n\n  name='Error\n  stack='Error: Error: strict mode violation: locator(\"//h1\") resolved to 3 elements:\n    1) <h1>…</h1> aka getByRole(AriaRole.HEADING, new Page.GetByRoleOptions().setName(\"AutomationExercise\"))\n    2) <h1>…</h1> aka getByText(\"AutomationExercise\").nth(1)\n    3) <h1>…</h1> aka getByText(\"AutomationExercise\").nth(2)\n\n    at CRExecutionContext.evaluateWithArguments (C:\\Users\\USER\\AppData\\Local\\Temp\\playwright-java-4425181825651915472\\package\\lib\\server\\chromium\\crExecutionContext.js:82:33)\n    at async LongStandingScope._race (C:\\Users\\USER\\AppData\\Local\\Temp\\playwright-java-4425181825651915472\\package\\lib\\utils\\isomorphic\\manualPromise.js:94:14)\n    at async evaluateExpression (C:\\Users\\USER\\AppData\\Local\\Temp\\playwright-java-4425181825651915472\\package\\lib\\server\\javascript.js:228:12)\n    at async Frame._expectInternal (C:\\Users\\USER\\AppData\\Local\\Temp\\playwright-java-4425181825651915472\\package\\lib\\server\\frames.js:1345:9)\n    at async C:\\Users\\USER\\AppData\\Local\\Temp\\playwright-java-4425181825651915472\\package\\lib\\server\\frames.js:1272:18\n    at async ProgressController.run (C:\\Users\\USER\\AppData\\Local\\Temp\\playwright-java-4425181825651915472\\package\\lib\\server\\progress.js:79:22)\n    at async Frame._expectImpl (C:\\Users\\USER\\AppData\\Local\\Temp\\playwright-java-4425181825651915472\\package\\lib\\server\\frames.js:1271:31)\n    at async Frame.expect (C:\\Users\\USER\\AppData\\Local\\Temp\\playwright-java-4425181825651915472\\package\\lib\\server\\frames.js:1242:20)\n    at async FrameDispatcher.expect (C:\\Users\\USER\\AppData\\Local\\Temp\\playwright-java-4425181825651915472\\package\\lib\\server\\dispatchers\\frameDispatcher.js:279:20)\n    at async LongStandingScope._race (C:\\Users\\USER\\AppData\\Local\\Temp\\playwright-java-4425181825651915472\\package\\lib\\utils\\isomorphic\\manualPromise.js:94:14)\n}\nCall log:\n-   - Locator.expect with timeout 5000ms\n-   - waiting for locator(\"//h1\")\n\r\n\tat com.microsoft.playwright.impl.Connection.dispatch(Connection.java:259)\r\n\tat com.microsoft.playwright.impl.Connection.processOneMessage(Connection.java:211)\r\n\tat com.microsoft.playwright.impl.ChannelOwner.runUntil(ChannelOwner.java:130)\r\n\tat com.microsoft.playwright.impl.Connection.sendMessage(Connection.java:130)\r\n\tat com.microsoft.playwright.impl.ChannelOwner.sendMessage(ChannelOwner.java:118)\r\n\tat com.microsoft.playwright.impl.LocatorImpl.expectImpl(LocatorImpl.java:671)\r\n\tat com.microsoft.playwright.impl.LocatorImpl.lambda$expect$9(LocatorImpl.java:657)\r\n\tat com.microsoft.playwright.impl.LoggingSupport.withLogging(LoggingSupport.java:47)\r\n\tat com.microsoft.playwright.impl.ChannelOwner.withLogging(ChannelOwner.java:97)\r\n\tat com.microsoft.playwright.impl.LocatorImpl.expect(LocatorImpl.java:657)\r\n\tat com.microsoft.playwright.impl.AssertionsBase.expectImpl(AssertionsBase.java:61)\r\n\tat com.microsoft.playwright.impl.AssertionsBase.expectImpl(AssertionsBase.java:50)\r\n\tat com.microsoft.playwright.impl.LocatorAssertionsImpl.expectTrue(LocatorAssertionsImpl.java:445)\r\n\tat com.microsoft.playwright.impl.LocatorAssertionsImpl.isVisible(LocatorAssertionsImpl.java:440)\r\n\tat com.microsoft.playwright.assertions.LocatorAssertions.isVisible(LocatorAssertions.java:830)\r\n\tat pages.HomePage.title_page_home(HomePage.java:26)\r\n\tat stepDefinitions.StepDefinitionRegisterUser.the_user_selects_the_option_to_create_a(StepDefinitionRegisterUser.java:25)\r\n\tat java.base/jdk.internal.reflect.NativeMethodAccessorImpl.invoke0(Native Method)\r\n\tat java.base/jdk.internal.reflect.NativeMethodAccessorImpl.invoke(NativeMethodAccessorImpl.java:77)\r\n\tat java.base/jdk.internal.reflect.DelegatingMethodAccessorImpl.invoke(DelegatingMethodAccessorImpl.java:43)\r\n\tat java.base/java.lang.reflect.Method.invoke(Method.java:568)\r\n\tat io.cucumber.java.Invoker.doInvoke(Invoker.java:66)\r\n\tat io.cucumber.java.Invoker.invoke(Invoker.java:24)\r\n\tat io.cucumber.java.AbstractGlueDefinition.invokeMethod(AbstractGlueDefinition.java:47)\r\n\tat io.cucumber.java.JavaStepDefinition.execute(JavaStepDefinition.java:29)\r\n\tat io.cucumber.core.runner.CoreStepDefinition.execute(CoreStepDefinition.java:66)\r\n\tat io.cucumber.core.runner.PickleStepDefinitionMatch.runStep(PickleStepDefinitionMatch.java:63)\r\n\tat io.cucumber.core.runner.ExecutionMode$1.execute(ExecutionMode.java:10)\r\n\tat io.cucumber.core.runner.TestStep.executeStep(TestStep.java:84)\r\n\tat io.cucumber.core.runner.TestStep.run(TestStep.java:56)\r\n\tat io.cucumber.core.runner.PickleStepTestStep.run(PickleStepTestStep.java:51)\r\n\tat io.cucumber.core.runner.TestCase.run(TestCase.java:84)\r\n\tat io.cucumber.core.runner.Runner.runPickle(Runner.java:75)\r\n\tat io.cucumber.testng.TestNGCucumberRunner.lambda$runScenario$1(TestNGCucumberRunner.java:132)\r\n\tat io.cucumber.core.runtime.CucumberExecutionContext.lambda$runTestCase$5(CucumberExecutionContext.java:137)\r\n\tat io.cucumber.core.runtime.RethrowingThrowableCollector.executeAndThrow(RethrowingThrowableCollector.java:23)\r\n\tat io.cucumber.core.runtime.CucumberExecutionContext.runTestCase(CucumberExecutionContext.java:137)\r\n\tat io.cucumber.testng.TestNGCucumberRunner.runScenario(TestNGCucumberRunner.java:129)\r\n\tat io.cucumber.testng.AbstractTestNGCucumberTests.runScenario(AbstractTestNGCucumberTests.java:35)\r\n\tat java.base/jdk.internal.reflect.NativeMethodAccessorImpl.invoke0(Native Method)\r\n\tat java.base/jdk.internal.reflect.NativeMethodAccessorImpl.invoke(NativeMethodAccessorImpl.java:77)\r\n\tat java.base/jdk.internal.reflect.DelegatingMethodAccessorImpl.invoke(DelegatingMethodAccessorImpl.java:43)\r\n\tat java.base/java.lang.reflect.Method.invoke(Method.java:568)\r\n\tat org.testng.internal.invokers.MethodInvocationHelper.invokeMethod(MethodInvocationHelper.java:135)\r\n\tat org.testng.internal.invokers.TestInvoker.invokeMethod(TestInvoker.java:673)\r\n\tat org.testng.internal.invokers.TestInvoker.invokeTestMethod(TestInvoker.java:220)\r\n\tat org.testng.internal.invokers.MethodRunner.runInSequence(MethodRunner.java:50)\r\n\tat org.testng.internal.invokers.TestInvoker$MethodInvocationAgent.invoke(TestInvoker.java:945)\r\n\tat org.testng.internal.invokers.TestInvoker.invokeTestMethods(TestInvoker.java:193)\r\n\tat org.testng.internal.invokers.TestMethodWorker.invokeTestMethods(TestMethodWorker.java:146)\r\n\tat org.testng.internal.invokers.TestMethodWorker.run(TestMethodWorker.java:128)\r\n\tat java.base/java.util.ArrayList.forEach(ArrayList.java:1511)\r\n\tat org.testng.TestRunner.privateRun(TestRunner.java:808)\r\n\tat org.testng.TestRunner.run(TestRunner.java:603)\r\n\tat org.testng.SuiteRunner.runTest(SuiteRunner.java:429)\r\n\tat org.testng.SuiteRunner.runSequentially(SuiteRunner.java:423)\r\n\tat org.testng.SuiteRunner.privateRun(SuiteRunner.java:383)\r\n\tat org.testng.SuiteRunner.run(SuiteRunner.java:326)\r\n\tat org.testng.SuiteRunnerWorker.runSuite(SuiteRunnerWorker.java:52)\r\n\tat org.testng.SuiteRunnerWorker.run(SuiteRunnerWorker.java:95)\r\n\tat org.testng.TestNG.runSuitesSequentially(TestNG.java:1249)\r\n\tat org.testng.TestNG.runSuitesLocally(TestNG.java:1169)\r\n\tat org.testng.TestNG.runSuites(TestNG.java:1092)\r\n\tat org.testng.TestNG.run(TestNG.java:1060)\r\n\tat com.intellij.rt.testng.IDEARemoteTestNG.run(IDEARemoteTestNG.java:65)\r\n\tat com.intellij.rt.testng.RemoteTestNGStarter.main(RemoteTestNGStarter.java:105)\r\n"},"stage":"finished","steps":[],"attachments":[],"parameters":[{"name":"arg1","value":"\"Register user\""},{"name":"arg0","value":"\"Create and delete a user account\""}],"start":1748215243256,"stop":1748215246646}